iMPACT Version: Oct 13 2013 08:43:40

iMPACT log file Started on Mon Jun 23 10:32:09 2014

Preference Table
Name                 Setting             
StartupClock         Auto_Correction     
AutoSignature        False               
KeepSVF              False               
ConcurrentMode       False               
UseHighz             False               
ConfigOnFailure      Stop                
UserLevel            Novice              
MessageLevel         Detailed            
svfUseTime           false               
SpiByteSwap          Auto_Correction     
AutoInfer            false               
SvfPlayDisplayComments false               
INFO:iMPACT - Digilent Plugin: Plugin Version: 2.4.4
INFO:iMPACT - Digilent Plugin: found 1 device(s).
INFO:iMPACT - Digilent Plugin: opening device: "JtagSmt1", SN:210203344121
INFO:iMPACT - Digilent Plugin: User Name: JtagSmt1
INFO:iMPACT - Digilent Plugin: Product Name: Digilent JTAG-SMT1
INFO:iMPACT - Digilent Plugin: Serial Number: 210203344121
INFO:iMPACT - Digilent Plugin: Product ID: 30800151
INFO:iMPACT - Digilent Plugin: Firmware Version: 0108
INFO:iMPACT - Digilent Plugin: JTAG Port Number: 0
INFO:iMPACT - Digilent Plugin: JTAG Clock Frequency: 10000000 Hz
Identifying chain contents...'0': : Manufacturer's ID = Xilinx xc7vx485t, Version : 2
INFO:iMPACT:1777 - 
   Reading /opt/Xilinx/14.7/ISE_DS/ISE/virtex7/data/xc7vx485t.bsd...
INFO:iMPACT - Using CseAdapterBSDevice
INFO:iMPACT:501 - '1': Added Device xc7vx485t successfully.
----------------------------------------------------------------------
----------------------------------------------------------------------
done.
Elapsed time =      0 sec.
Elapsed time =      0 sec.
ERROR:iMPACT:2204 - Can only assign file to device 1.
